2026-03-17 14:34:19,113 - __main__ - INFO - starting tooling io management server 0.0.0.0:5000
2026-03-17 14:34:19,290 - werkzeug - INFO - [31m[1mWARNING: This is a development server. Do not use it in a production deployment. Use a production WSGI server instead.[0m
 * Running on all addresses (0.0.0.0)
 * Running on http://127.0.0.1:5000
 * Running on http://26.26.26.1:5000
2026-03-17 14:34:19,291 - werkzeug - INFO - [33mPress CTRL+C to quit[0m
2026-03-17 14:34:19,299 - werkzeug - INFO -  * Restarting with stat
2026-03-17 14:34:20,227 - __main__ - INFO - starting tooling io management server 0.0.0.0:5000
2026-03-17 14:34:20,292 - werkzeug - WARNING -  * Debugger is active!
2026-03-17 14:34:20,310 - werkzeug - INFO -  * Debugger PIN: 554-022-399
2026-03-17 14:34:50,203 - werkzeug - INFO -  * Detected change in 'E:\\CA001\\CSTM\\CeSoftMonitor\\web_server.py', reloading
2026-03-17 14:34:50,232 - werkzeug - INFO -  * Restarting with stat
2026-03-17 14:34:51,303 - __main__ - INFO - starting tooling io management server 0.0.0.0:5000
2026-03-17 14:34:51,375 - werkzeug - WARNING -  * Debugger is active!
2026-03-17 14:34:51,397 - werkzeug - INFO -  * Debugger PIN: 554-022-399
2026-03-17 14:34:54,078 - backend.database.core.database_manager - INFO - Query successful, returned 1 records
2026-03-17 14:34:54,079 - backend.database.core.database_manager - INFO - Query successful, returned 1 records
2026-03-17 14:34:54,084 - backend.database.core.database_manager - INFO - Query successful, returned 1 records
2026-03-17 14:34:54,085 - backend.database.core.database_manager - INFO - Query successful, returned 1 records
2026-03-17 14:34:54,104 - backend.database.core.database_manager - INFO - Query successful, returned 1 records
2026-03-17 14:34:54,310 - backend.database.core.database_manager - INFO - Query successful, returned 1 records
2026-03-17 14:34:54,311 - backend.database.core.database_manager - INFO - Query successful, returned 1 records
2026-03-17 14:34:54,312 - backend.database.core.database_manager - INFO - Query successful, returned 1 records
2026-03-17 14:34:54,314 - backend.database.core.database_manager - INFO - Query successful, returned 1 records
2026-03-17 14:34:54,390 - backend.database.core.database_manager - INFO - Query successful, returned 1 records
2026-03-17 14:34:54,403 - backend.database.core.database_manager - INFO - Query successful, returned 18 records
2026-03-17 14:34:54,437 - backend.database.core.database_manager - INFO - Query successful, returned 1 records
2026-03-17 14:34:54,459 - werkzeug - INFO - 127.0.0.1 - - [17/Mar/2026 14:34:54] "POST /api/auth/login HTTP/1.1" 200 -
2026-03-17 14:34:54,576 - backend.database.core.database_manager - INFO - Query successful, returned 1 records
2026-03-17 14:34:54,715 - backend.database.core.database_manager - INFO - Query successful, returned 1 records
2026-03-17 14:34:54,716 - backend.database.core.database_manager - INFO - Query successful, returned 1 records
2026-03-17 14:34:54,720 - backend.database.core.database_manager - INFO - Query successful, returned 1 records
2026-03-17 14:34:54,721 - backend.database.core.database_manager - INFO - Query successful, returned 1 records
2026-03-17 14:34:54,781 - backend.database.core.database_manager - INFO - Query successful, returned 1 records
2026-03-17 14:34:54,794 - backend.database.core.database_manager - INFO - Query successful, returned 18 records
2026-03-17 14:34:54,845 - backend.database.core.database_manager - INFO - Query successful, returned 1 records
2026-03-17 14:34:54,868 - backend.routes.dashboard_routes - ERROR - failed to get dashboard metrics: get_tool_io_orders() got an unexpected keyword argument 'page_no'
2026-03-17 14:34:54,868 - werkzeug - INFO - 127.0.0.1 - - [17/Mar/2026 14:34:54] "[35m[1mGET /api/dashboard/metrics HTTP/1.1[0m" 500 -
2026-03-17 14:35:02,995 - backend.database.core.database_manager - INFO - Query successful, returned 1 records
2026-03-17 14:35:03,021 - backend.database.core.database_manager - INFO - Query successful, returned 1 records
2026-03-17 14:35:03,023 - backend.database.core.database_manager - INFO - Query successful, returned 1 records
2026-03-17 14:35:03,025 - backend.database.core.database_manager - INFO - Query successful, returned 1 records
2026-03-17 14:35:03,026 - backend.database.core.database_manager - INFO - Query successful, returned 1 records
2026-03-17 14:35:03,050 - backend.database.core.database_manager - INFO - Query successful, returned 1 records
2026-03-17 14:35:03,052 - backend.database.core.database_manager - INFO - Query successful, returned 18 records
2026-03-17 14:35:03,067 - backend.database.core.database_manager - INFO - Query successful, returned 1 records
2026-03-17 14:35:03,070 - backend.routes.order_routes - ERROR - failed to list tool io orders: get_tool_io_orders() got an unexpected keyword argument 'order_status'
2026-03-17 14:35:03,071 - werkzeug - INFO - 127.0.0.1 - - [17/Mar/2026 14:35:03] "[35m[1mGET /api/tool-io-orders?keyword=&order_type=&order_status=&initiator_id=&keeper_id=&date_from=&date_to=&page_no=1&page_size=20 HTTP/1.1[0m" 500 -
2026-03-17 14:35:05,877 - backend.database.core.database_manager - INFO - Query successful, returned 1 records
2026-03-17 14:35:05,926 - backend.database.core.database_manager - INFO - Query successful, returned 1 records
2026-03-17 14:35:05,928 - backend.database.core.database_manager - INFO - Query successful, returned 1 records
2026-03-17 14:35:05,931 - backend.database.core.database_manager - INFO - Query successful, returned 1 records
2026-03-17 14:35:05,944 - backend.database.core.database_manager - INFO - Query successful, returned 1 records
2026-03-17 14:35:05,982 - backend.database.core.database_manager - INFO - Query successful, returned 1 records
2026-03-17 14:35:05,986 - backend.database.core.database_manager - INFO - Query successful, returned 18 records
2026-03-17 14:35:06,006 - backend.database.core.database_manager - INFO - Query successful, returned 1 records
2026-03-17 14:35:06,009 - backend.routes.order_routes - ERROR - failed to list tool io orders: get_tool_io_orders() got an unexpected keyword argument 'order_status'
2026-03-17 14:35:06,009 - werkzeug - INFO - 127.0.0.1 - - [17/Mar/2026 14:35:06] "[35m[1mGET /api/tool-io-orders?keyword=&order_type=&order_status=&initiator_id=&keeper_id=&date_from=&date_to=&page_no=1&page_size=20 HTTP/1.1[0m" 500 -
2026-03-17 14:35:33,804 - werkzeug - INFO - 127.0.0.1 - - [17/Mar/2026 14:35:33] "[33mGET /api/data/missing-tpitr HTTP/1.1[0m" 404 -
